This is pdfTeX, Version 3.1415926-1.40.10 (TeX Live 2009/Debian) (format=latex 2012.11.27)  8 FEB 2015 15:01
entering extended mode
 %&-line parsing enabled.
**caption-eng.tex
(./caption-eng.tex
LaTeX2e <2009/09/24>
Babel <v3.8l> and hyphenation patterns for english, usenglishmax, dumylang, noh
yphenation, farsi, arabic, croatian, bulgarian, ukrainian, russian, czech, slov
ak, danish, dutch, finnish, french, basque, ngerman, german, german-x-2009-06-1
9, ngerman-x-2009-06-19, ibycus, monogreek, greek, ancientgreek, hungarian, san
skrit, italian, latin, latvian, lithuanian, mongolian2a, mongolian, bokmal, nyn
orsk, romanian, irish, coptic, serbian, turkish, welsh, esperanto, uppersorbian
, estonian, indonesian, interlingua, icelandic, kurmanji, slovenian, polish, po
rtuguese, spanish, galician, catalan, swedish, ukenglish, pinyin, loaded.
File: caption-eng.tex 2011/11/02 v3.2 The caption package
\hbadness=\count79
(/usr/share/texmf-texlive/tex/latex/base/ltxdoc.cls
Document Class: ltxdoc 2007/11/11 v2.0u Standard LaTeX documentation class
(/usr/share/texmf-texlive/tex/latex/base/article.cls
Document Class: article 2007/10/19 v1.4h Standard LaTeX document class
(/usr/share/texmf-texlive/tex/latex/base/size10.clo
File: size10.clo 2007/10/19 v1.4h Standard LaTeX file (size option)
)
\c@part=\count80
\c@section=\count81
\c@subsection=\count82
\c@subsubsection=\count83
\c@paragraph=\count84
\c@subparagraph=\count85
\c@figure=\count86
\c@table=\count87
\abovecaptionskip=\skip41
\belowcaptionskip=\skip42
\bibindent=\dimen102
)
(/usr/share/texmf-texlive/tex/latex/base/doc.sty
Package: doc 2006/02/02 v2.1d Standard LaTeX documentation package (FMi)
\c@StandardModuleDepth=\count88
\guard@level=\count89
\MacrocodeTopsep=\skip43
\MacroIndent=\dimen103
\macro@cnt=\count90
\MacroTopsep=\skip44
\index@excludelist=\toks14

(/usr/share/texmf-texlive/tex/latex/tools/multicol.sty
Package: multicol 2008/12/05 v1.6h multicolumn formatting (FMi)
\c@tracingmulticols=\count91
\mult@box=\box26
\multicol@leftmargin=\dimen104
\c@unbalance=\count92
\c@collectmore=\count93
\doublecol@number=\count94
\multicoltolerance=\count95
\multicolpretolerance=\count96
\full@width=\dimen105
\page@free=\dimen106
\premulticols=\dimen107
\postmulticols=\dimen108
\multicolsep=\skip45
\multicolbaselineskip=\skip46
\partial@page=\box27
\last@line=\box28
\mult@rightbox=\box29
\mult@grightbox=\box30
\mult@gfirstbox=\box31
\mult@firstbox=\box32
\@tempa=\box33
\@tempa=\box34
\@tempa=\box35
\@tempa=\box36
\@tempa=\box37
\@tempa=\box38
\@tempa=\box39
\@tempa=\box40
\@tempa=\box41
\@tempa=\box42
\@tempa=\box43
\@tempa=\box44
\@tempa=\box45
\@tempa=\box46
\@tempa=\box47
\@tempa=\box48
\@tempa=\box49
\c@columnbadness=\count97
\c@finalcolumnbadness=\count98
\last@try=\dimen109
\multicolovershoot=\dimen110
\multicolundershoot=\dimen111
\mult@nat@firstbox=\box50
\colbreak@box=\box51
)
\IndexMin=\dimen112
\c@IndexColumns=\count99
\GlossaryMin=\dimen113
\c@GlossaryColumns=\count100
\check@sum=\count101
\bslash@cnt=\count102
\wrong@table=\toks15
\c@CodelineNo=\count103
))
(/usr/share/texmf-texlive/tex/latex/base/fixltx2e.sty
Package: fixltx2e 2006/09/13 v1.1m fixes to LaTeX
LaTeX Info: Redefining \em on input line 420.
)
(/usr/share/texmf-texlive/tex/generic/oberdiek/ifpdf.sty
Package: ifpdf 2009/04/10 v2.0 Provides the ifpdf switch (HO)
Package ifpdf Info: pdfTeX in pdf mode not detected.
)
(/usr/share/texmf-texlive/tex/latex/footmisc/footmisc.sty
Package: footmisc 2009/09/15 v5.5a a miscellany of footnote facilities
\FN@temptoken=\toks16
\footnotemargin=\dimen114
\c@pp@next@reset=\count104
Package footmisc Info: Declaring symbol style bringhurst on input line 855.
Package footmisc Info: Declaring symbol style chicago on input line 863.
Package footmisc Info: Declaring symbol style wiley on input line 872.
Package footmisc Info: Declaring symbol style lamport-robust on input line 883.

Package footmisc Info: Declaring symbol style lamport* on input line 903.
Package footmisc Info: Declaring symbol style lamport*-robust on input line 924
.
)
(/usr/share/texmf-texlive/tex/latex/graphics/graphicx.sty
Package: graphicx 1999/02/16 v1.0f Enhanced LaTeX Graphics (DPC,SPQR)

(/usr/share/texmf-texlive/tex/latex/graphics/keyval.sty
Package: keyval 1999/03/16 v1.13 key=value parser (DPC)
\KV@toks@=\toks17
)
(/usr/share/texmf-texlive/tex/latex/graphics/graphics.sty
Package: graphics 2009/02/05 v1.0o Standard LaTeX Graphics (DPC,SPQR)

(/usr/share/texmf-texlive/tex/latex/graphics/trig.sty
Package: trig 1999/03/16 v1.09 sin cos tan (DPC)
)
(/etc/texmf/tex/latex/config/graphics.cfg
File: graphics.cfg 2009/08/28 v1.8 graphics configuration of TeX Live
)
Package graphics Info: Driver file: dvips.def on input line 91.

(/usr/share/texmf-texlive/tex/latex/graphics/dvips.def
File: dvips.def 1999/02/16 v3.0i Driver-dependant file (DPC,SPQR)
))
\Gin@req@height=\dimen115
\Gin@req@width=\dimen116
)
(/usr/share/texmf-texlive/tex/latex/tools/longtable.sty
Package: longtable 2004/02/01 v4.11 Multi-page Table package (DPC)
\LTleft=\skip47
\LTright=\skip48
\LTpre=\skip49
\LTpost=\skip50
\LTchunksize=\count105
\LTcapwidth=\dimen117
\LT@head=\box52
\LT@firsthead=\box53
\LT@foot=\box54
\LT@lastfoot=\box55
\LT@cols=\count106
\LT@rows=\count107
\c@LT@tables=\count108
\c@LT@chunks=\count109
\LT@p@ftn=\toks18
)
(/usr/share/texmf-texlive/tex/latex/setspace/setspace.sty
Package: setspace 2000/12/01 6.7 Contributed and Supported LaTeX2e package

Package: `setspace' 6.7 <2000/12/01>
) (/usr/share/texmf-texlive/tex/latex/oberdiek/hypdoc.sty
Package: hypdoc 2007/11/12 v1.6 Hyper extensions for doc.sty (HO)

(/usr/share/texmf-texlive/tex/latex/hyperref/hyperref.sty
Package: hyperref 2009/10/09 v6.79a Hypertext links for LaTeX

(/usr/share/texmf-texlive/tex/generic/oberdiek/ifvtex.sty
Package: ifvtex 2008/11/04 v1.4 Switches for detecting VTeX and its modes (HO)
Package ifvtex Info: VTeX not detected.
)
(/usr/share/texmf-texlive/tex/generic/ifxetex/ifxetex.sty
Package: ifxetex 2009/01/23 v0.5 Provides ifxetex conditional
)
(/usr/share/texmf-texlive/tex/latex/oberdiek/hycolor.sty
Package: hycolor 2009/10/02 v1.5 Code for color options of hyperref/bookmark (H
O)

(/usr/share/texmf-texlive/tex/latex/oberdiek/xcolor-patch.sty
Package: xcolor-patch 2009/10/02 xcolor patch
))
\@linkdim=\dimen118
\Hy@linkcounter=\count110
\Hy@pagecounter=\count111

(/usr/share/texmf-texlive/tex/latex/hyperref/pd1enc.def
File: pd1enc.def 2009/10/09 v6.79a Hyperref: PDFDocEncoding definition (HO)
)
(/usr/share/texmf-texlive/tex/generic/oberdiek/etexcmds.sty
Package: etexcmds 2007/12/12 v1.2 Prefix for e-TeX command names (HO)

(/usr/share/texmf-texlive/tex/generic/oberdiek/infwarerr.sty
Package: infwarerr 2007/09/09 v1.2 Providing info/warning/message (HO)
)
Package etexcmds Info: Could not find \expanded.
(etexcmds)             That can mean that you are not using pdfTeX 1.50 or
(etexcmds)             that some package has redefined \expanded.
(etexcmds)             In the latter case, load this package earlier.
)
(/usr/share/texmf-texlive/tex/latex/latexconfig/hyperref.cfg
File: hyperref.cfg 2002/06/06 v1.2 hyperref configuration of TeXLive
)
(/usr/share/texmf-texlive/tex/latex/oberdiek/kvoptions.sty
Package: kvoptions 2009/08/13 v3.4 Keyval support for LaTeX options (HO)

(/usr/share/texmf-texlive/tex/generic/oberdiek/kvsetkeys.sty
Package: kvsetkeys 2009/07/30 v1.5 Key value parser with default handler suppor
t (HO)
))
Package hyperref Info: Option `hyperindex' set `false' on input line 2864.
Package hyperref Info: Option `pdfusetitle' set `true' on input line 2864.
Package hyperref Info: Option `colorlinks' set `true' on input line 2864.
Package hyperref Info: Option `pdfpagelabels' set `true' on input line 2864.
Package hyperref Info: Hyper figures OFF on input line 2975.
Package hyperref Info: Link nesting OFF on input line 2980.
Package hyperref Info: Hyper index OFF on input line 2985.
Package hyperref Info: Plain pages OFF on input line 2990.
Package hyperref Info: Backreferencing OFF on input line 2995.

Implicit mode ON; LaTeX internals redefined
Package hyperref Info: Bookmarks ON on input line 3191.
(/usr/share/texmf-texlive/tex/latex/ltxmisc/url.sty
\Urlmuskip=\muskip10
Package: url 2006/04/12  ver 3.3  Verb mode for urls, etc.
)
LaTeX Info: Redefining \url on input line 3428.

(/usr/share/texmf-texlive/tex/generic/oberdiek/bitset.sty
Package: bitset 2007/09/28 v1.0 Data type bit set (HO)

(/usr/share/texmf-texlive/tex/generic/oberdiek/intcalc.sty
Package: intcalc 2007/09/27 v1.1 Expandable integer calculations (HO)
)
(/usr/share/texmf-texlive/tex/generic/oberdiek/bigintcalc.sty
Package: bigintcalc 2007/11/11 v1.1 Expandable big integer calculations (HO)

(/usr/share/texmf-texlive/tex/generic/oberdiek/pdftexcmds.sty
Package: pdftexcmds 2009/09/23 v0.6 LuaTeX support for pdfTeX utility functions
 (HO)

(/usr/share/texmf-texlive/tex/generic/oberdiek/ifluatex.sty
Package: ifluatex 2009/04/17 v1.2 Provides the ifluatex switch (HO)
Package ifluatex Info: LuaTeX not detected.
)
(/usr/share/texmf-texlive/tex/generic/oberdiek/ltxcmds.sty
Package: ltxcmds 2009/08/05 v1.0 Some LaTeX kernel commands for general use (HO
)
)
Package pdftexcmds Info: LuaTeX not detected.
Package pdftexcmds Info: \pdf@primitive is available.
Package pdftexcmds Info: \pdf@ifprimitive is available.
)))
\Fld@menulength=\count112
\Field@Width=\dimen119
\Fld@charsize=\dimen120
\Field@toks=\toks19
Package hyperref Info: Hyper figures OFF on input line 4377.
Package hyperref Info: Link nesting OFF on input line 4382.
Package hyperref Info: Hyper index OFF on input line 4387.
Package hyperref Info: backreferencing OFF on input line 4392.
Package hyperref Info: Link coloring ON on input line 4395.
Package hyperref Info: Link coloring with OCG OFF on input line 4402.
Package hyperref Info: PDF/A mode OFF on input line 4407.

(/usr/share/texmf-texlive/tex/generic/oberdiek/atbegshi.sty
Package: atbegshi 2008/07/31 v1.9 At begin shipout hook (HO)
)
\Hy@abspage=\count113
\c@Item=\count114
\c@Hfootnote=\count115
)
*hyperref using default driver hdvips*
(/usr/share/texmf-texlive/tex/latex/hyperref/hdvips.def
File: hdvips.def 2009/10/09 v6.79a Hyperref driver for dvips

(/usr/share/texmf-texlive/tex/latex/hyperref/pdfmark.def
File: pdfmark.def 2009/10/09 v6.79a Hyperref definitions for pdfmark specials
\pdf@docset=\toks20
\pdf@box=\box56
\pdf@toks=\toks21
\pdf@defaulttoks=\toks22
\Fld@listcount=\count116
))
Package hyperref Info: Option `plainpages' set `false' on input line 54.
Package hyperref Info: Option `bookmarksopen' set `true' on input line 54.
Package hyperref Info: Option `bookmarksnumbered' set `true' on input line 54.

(/usr/share/texmf-texlive/tex/generic/thumbpdf/thumbpdf.sty
Package: thumbpdf 2008/04/16 v3.10 Inclusion of thumbnails (HO)


Package thumbpdf Warning: Missing driver name.

)
\c@HD@unique=\count117
\c@HD@hypercount=\count118
\HD@helplength=\skip51
)
Package hyperref Info: Option `breaklinks' set `true' on input line 60.
 (/usr/share/texmf-texlive/tex/latex/caption/caption.sty
Package: caption 2009/10/09 v3.1k Customizing captions (AR)

(/usr/share/texmf-texlive/tex/latex/caption/caption3.sty
Package: caption3 2009/10/09 v3.1k caption3 kernel (AR)
\captionmargin=\dimen121
\captionmargin@=\dimen122
\captionwidth=\dimen123
\caption@indent=\dimen124
\caption@parindent=\dimen125
\caption@hangindent=\dimen126
)
\c@ContinuedFloat=\count119
Package caption Info: hyperref package is loaded.
Package caption Info: longtable package is loaded.

(/usr/share/texmf-texlive/tex/latex/caption/ltcaption.sty
Package: ltcaption 2008/03/28 v1.2 longtable captions (AR)
))
(/usr/share/texmf-texlive/tex/latex/marvosym/marvosym.sty
Package: marvosym 2006/05/11 v2.1 Martin Vogel's Symbols font definitions
)
\myindention=\skip52

No file caption-eng.aux.
\openout1 = `caption-eng.aux'.

LaTeX Font Info:    Checking defaults for OML/cmm/m/it on input line 175.
LaTeX Font Info:    ... okay on input line 175.
LaTeX Font Info:    Checking defaults for T1/cmr/m/n on input line 175.
LaTeX Font Info:    ... okay on input line 175.
LaTeX Font Info:    Checking defaults for OT1/cmr/m/n on input line 175.
LaTeX Font Info:    ... okay on input line 175.
LaTeX Font Info:    Checking defaults for OMS/cmsy/m/n on input line 175.
LaTeX Font Info:    ... okay on input line 175.
LaTeX Font Info:    Checking defaults for OMX/cmex/m/n on input line 175.
LaTeX Font Info:    ... okay on input line 175.
LaTeX Font Info:    Checking defaults for U/cmr/m/n on input line 175.
LaTeX Font Info:    ... okay on input line 175.
LaTeX Font Info:    Checking defaults for PD1/pdf/m/n on input line 175.
LaTeX Font Info:    ... okay on input line 175.
Package doc Info: Made | a short reference for \verb on input line 175.
(/usr/share/texmf-texlive/tex/latex/graphics/color.sty
Package: color 2005/11/14 v1.0j Standard LaTeX Color (DPC)

(/etc/texmf/tex/latex/config/color.cfg
File: color.cfg 2007/01/18 v1.5 color configuration of teTeX/TeXLive
)
Package color Info: Driver file: dvips.def on input line 130.

(/usr/share/texmf-texlive/tex/latex/graphics/dvipsnam.def
File: dvipsnam.def 1999/02/16 v3.0i Driver-dependant file (DPC,SPQR)
))
Package hyperref Info: Link coloring ON on input line 175.

(/usr/share/texmf-texlive/tex/latex/hyperref/nameref.sty
Package: nameref 2007/05/29 v2.31 Cross-referencing by name of section

(/usr/share/texmf-texlive/tex/latex/oberdiek/refcount.sty
Package: refcount 2008/08/11 v3.1 Data extraction from references (HO)
)
\c@section@level=\count120
)
LaTeX Info: Redefining \ref on input line 175.
LaTeX Info: Redefining \pageref on input line 175.
\@outlinefile=\write3
\openout3 = `caption-eng.out'.

\AtBeginShipoutBox=\box57


Package hyperref Warning: Rerun to get /PageLabels entry.

\HD@savedest@out=\write4
\openout4 = `caption-eng.hd'.

Package caption Info: Begin \AtBeginDocument code.
Package caption Info: End \AtBeginDocument code.
LaTeX Font Info:    External font `cmex10' loaded for size
(Font)              <12> on input line 201.
LaTeX Font Info:    External font `cmex10' loaded for size
(Font)              <8> on input line 201.
LaTeX Font Info:    External font `cmex10' loaded for size
(Font)              <6> on input line 201.
LaTeX Font Info:    External font `cmex10' loaded for size
(Font)              <7> on input line 227.
LaTeX Font Info:    External font `cmex10' loaded for size
(Font)              <5> on input line 227.
LaTeX Font Info:    Try loading font information for U+mvs on input line 245.
(/usr/share/texmf-texlive/tex/latex/marvosym/umvs.fd)
Overfull \vbox (3.92067pt too high) detected at line 245
 []


LaTeX Warning: Citation `floatrow' on page 1 undefined on input line 250.


Package hyperref Warning: Token not allowed in a PDF string (PDFDocEncoding):
(hyperref)                removing `\begingroup' on input line 252.


Package hyperref Warning: Token not allowed in a PDF string (PDFDocEncoding):
(hyperref)                removing `\catcode' on input line 252.


Package hyperref Warning: Token not allowed in a PDF string (PDFDocEncoding):
(hyperref)                removing `\active' on input line 252.


Package hyperref Warning: Token not allowed in a PDF string (PDFDocEncoding):
(hyperref)                removing `\<def>-command' on input line 252.


Package hyperref Warning: Token not allowed in a PDF string (PDFDocEncoding):
(hyperref)                removing `\csname\endcsname' on input line 252.


Package hyperref Warning: Token not allowed in a PDF string (PDFDocEncoding):
(hyperref)                removing `\catcode' on input line 252.


Package hyperref Warning: Token not allowed in a PDF string (PDFDocEncoding):
(hyperref)                removing `\active' on input line 252.


Package hyperref Warning: Token not allowed in a PDF string (PDFDocEncoding):
(hyperref)                removing `\<let>-command' on input line 252.


Package hyperref Warning: Token not allowed in a PDF string (PDFDocEncoding):
(hyperref)                removing `\csname\endcsname' on input line 252.


Package hyperref Warning: Token not allowed in a PDF string (PDFDocEncoding):
(hyperref)                removing `\<let>-command' on input line 252.


Package hyperref Warning: Token not allowed in a PDF string (PDFDocEncoding):
(hyperref)                removing `\%' on input line 252.


Package hyperref Warning: Token not allowed in a PDF string (PDFDocEncoding):
(hyperref)                removing `\catcode' on input line 252.


Package hyperref Warning: Token not allowed in a PDF string (PDFDocEncoding):
(hyperref)                removing `\active' on input line 252.


Package hyperref Warning: Token not allowed in a PDF string (PDFDocEncoding):
(hyperref)                removing `\<def>-command' on input line 252.


Package hyperref Warning: Token not allowed in a PDF string (PDFDocEncoding):
(hyperref)                removing `\csname\endcsname' on input line 252.


Package hyperref Warning: Token not allowed in a PDF string (PDFDocEncoding):
(hyperref)                removing `\<def>-command' on input line 252.


Package hyperref Warning: Token not allowed in a PDF string (PDFDocEncoding):
(hyperref)                removing `\#' on input line 252.


Package hyperref Warning: Token not allowed in a PDF string (PDFDocEncoding):
(hyperref)                removing `\catcode' on input line 252.


Package hyperref Warning: Token not allowed in a PDF string (PDFDocEncoding):
(hyperref)                removing `\<def>-command' on input line 252.


Package hyperref Warning: Token not allowed in a PDF string (PDFDocEncoding):
(hyperref)                removing `\csname\endcsname' on input line 252.


Package hyperref Warning: Token not allowed in a PDF string (PDFDocEncoding):
(hyperref)                removing `\<def>-command' on input line 252.


Package hyperref Warning: Token not allowed in a PDF string (PDFDocEncoding):
(hyperref)                removing `\&' on input line 252.


Package hyperref Warning: Token not allowed in a PDF string (PDFDocEncoding):
(hyperref)                removing `\<def>-command' on input line 252.


Package hyperref Warning: Token not allowed in a PDF string (PDFDocEncoding):
(hyperref)                removing `\textunderscore' on input line 252.


Package hyperref Warning: Token not allowed in a PDF string (PDFDocEncoding):
(hyperref)                removing `\<let>-command' on input line 252.


Package hyperref Warning: Token not allowed in a PDF string (PDFDocEncoding):
(hyperref)                removing `\_' on input line 252.


Package hyperref Warning: Token not allowed in a PDF string (PDFDocEncoding):
(hyperref)                removing `\catcode' on input line 252.


Package hyperref Warning: Token not allowed in a PDF string (PDFDocEncoding):
(hyperref)                removing `\active' on input line 252.


Package hyperref Warning: Token not allowed in a PDF string (PDFDocEncoding):
(hyperref)                removing `\<let>-command' on input line 252.


Package hyperref Warning: Token not allowed in a PDF string (PDFDocEncoding):
(hyperref)                removing `\csname\endcsname' on input line 252.


Package hyperref Warning: Token not allowed in a PDF string (PDFDocEncoding):
(hyperref)                removing `\<let>-command' on input line 252.


Package hyperref Warning: Token not allowed in a PDF string (PDFDocEncoding):
(hyperref)                removing `\csname\endcsname' on input line 252.


Package hyperref Warning: Token not allowed in a PDF string (PDFDocEncoding):
(hyperref)                removing `\<let>-command' on input line 252.


Package hyperref Warning: Token not allowed in a PDF string (PDFDocEncoding):
(hyperref)                removing `\~' on input line 252.


Package hyperref Warning: Token not allowed in a PDF string (PDFDocEncoding):
(hyperref)                removing `\<let>-command' on input line 252.


Package hyperref Warning: Token not allowed in a PDF string (PDFDocEncoding):
(hyperref)                removing `\textasciitilde' on input line 252.


Package hyperref Warning: Token not allowed in a PDF string (PDFDocEncoding):
(hyperref)                removing `\<let>-command' on input line 252.


Package hyperref Warning: Token not allowed in a PDF string (PDFDocEncoding):
(hyperref)                removing `\\' on input line 252.


Package hyperref Warning: Token not allowed in a PDF string (PDFDocEncoding):
(hyperref)                removing `\<def>-command' on input line 252.


Package hyperref Warning: Token not allowed in a PDF string (PDFDocEncoding):
(hyperref)                removing `\csname\endcsname' on input line 252.


Package hyperref Warning: Token not allowed in a PDF string (PDFDocEncoding):
(hyperref)                removing `\<def>-command' on input line 252.


Package hyperref Warning: Token not allowed in a PDF string (PDFDocEncoding):
(hyperref)                removing `\Hy@tempa' on input line 252.


Package hyperref Warning: Token not allowed in a PDF string (PDFDocEncoding):
(hyperref)                removing `\<def>-command' on input line 252.


Package hyperref Warning: Token not allowed in a PDF string (PDFDocEncoding):
(hyperref)                removing `\Hy@tempa' on input line 252.

[1

] [2]
\tf@toc=\write5
\openout5 = `caption-eng.toc'.

 [3

]

LaTeX Warning: Reference `captionsetup' on page 4 undefined on input line 311.


LaTeX Warning: Reference `captionsetup' on page 4 undefined on input line 311.

[4

]

LaTeX Warning: Reference `declare' on page 5 undefined on input line 357.


LaTeX Warning: Reference `declare' on page 5 undefined on input line 357.

[5

]

LaTeX Warning: Reference `declare' on page 6 undefined on input line 434.


LaTeX Warning: Reference `declare' on page 6 undefined on input line 434.

[6]

LaTeX Warning: Reference `declare' on page 7 undefined on input line 500.


LaTeX Warning: Reference `declare' on page 7 undefined on input line 500.

[7]

LaTeX Warning: Reference `declare' on page 8 undefined on input line 553.


LaTeX Warning: Reference `declare' on page 8 undefined on input line 553.


LaTeX Warning: Reference `declare' on page 8 undefined on input line 615.


LaTeX Warning: Reference `declare' on page 8 undefined on input line 615.

[8]
Overfull \vbox (3.92067pt too high) detected at line 652
 []


LaTeX Warning: Marginpar on page 9 moved.


LaTeX Warning: Marginpar on page 9 moved.

[9]

LaTeX Warning: Reference `setspace' on page 10 undefined on input line 724.


LaTeX Warning: Reference `setspace' on page 10 undefined on input line 724.


LaTeX Warning: Reference `setspace' on page 10 undefined on input line 725.


LaTeX Warning: Reference `setspace' on page 10 undefined on input line 725.


LaTeX Warning: Reference `setspace' on page 10 undefined on input line 726.


LaTeX Warning: Reference `setspace' on page 10 undefined on input line 726.


LaTeX Warning: Reference `setspace' on page 10 undefined on input line 727.


LaTeX Warning: Reference `setspace' on page 10 undefined on input line 727.


LaTeX Warning: Reference `declare' on page 10 undefined on input line 734.


LaTeX Warning: Reference `declare' on page 10 undefined on input line 734.

[10]

LaTeX Warning: Reference `declare' on page 11 undefined on input line 744.


LaTeX Warning: Reference `declare' on page 11 undefined on input line 744.


LaTeX Warning: Marginpar on page 11 moved.


LaTeX Warning: Marginpar on page 11 moved.


LaTeX Warning: Citation `floatrow' on page 11 undefined on input line 810.


LaTeX Warning: Citation `threeparttable' on page 11 undefined on input line 810
.


LaTeX Warning: Marginpar on page 11 moved.

[11]

LaTeX Warning: Marginpar on page 12 moved.


LaTeX Warning: Citation `sidecap' on page 12 undefined on input line 855.


LaTeX Warning: Citation `wrapfig' on page 12 undefined on input line 857.


LaTeX Warning: Reference `SMF' on page 12 undefined on input line 877.


LaTeX Warning: Reference `SMF' on page 12 undefined on input line 877.


LaTeX Warning: Marginpar on page 12 moved.

[12] [13]

LaTeX Warning: Reference `declare' on page 14 undefined on input line 1004.


LaTeX Warning: Reference `declare' on page 14 undefined on input line 1004.

[14]

LaTeX Warning: Reference `captionsetup' on page 15 undefined on input line 1065
.


LaTeX Warning: Reference `captionsetup' on page 15 undefined on input line 1065
.


LaTeX Warning: Marginpar on page 15 moved.


Overfull \vbox (3.92067pt too high) detected at line 1087
 []


LaTeX Warning: Reference `KOMA' on page 15 undefined on input line 1097.


LaTeX Warning: Reference `KOMA' on page 15 undefined on input line 1097.

[15]

LaTeX Warning: Reference `caption' on page 16 undefined on input line 1128.


LaTeX Warning: Reference `caption' on page 16 undefined on input line 1128.


LaTeX Warning: Citation `subfig' on page 16 undefined on input line 1134.


LaTeX Warning: Reference `declare' on page 16 undefined on input line 1168.


LaTeX Warning: Reference `declare' on page 16 undefined on input line 1168.

[16]

LaTeX Warning: Citation `subfig' on page 17 undefined on input line 1217.


LaTeX Warning: Citation `hyperref' on page 17 undefined on input line 1231.


LaTeX Warning: Reference `hyperref' on page 17 undefined on input line 1233.


LaTeX Warning: Reference `hyperref' on page 17 undefined on input line 1233.


LaTeX Warning: Citation `float' on page 17 undefined on input line 1245.


LaTeX Warning: Citation `float' on page 17 undefined on input line 1246.

[17]
Overfull \vbox (3.92067pt too high) detected at line 1251
 []

[18]
Overfull \hbox (130.53131pt too wide) in paragraph at lines 1314--1317
\OT1/cmr/m/n/8 at your L[]T[]X man-ual or visit [][][]$\OT1/cmtt/m/n/8 http : /
 / www-[]h . eng . cam . ac . uk / help / tpl / textprocessing / teTeX / latex 
/ latex2e-[]html / fragile . html$[][][][]\OT1/cmr/m/n/8 . 
 []

Package doc Info: Deleted | as a short reference for \verb(*) on input line 133
3.
Package doc Info: Made | a short reference for \verb on input line 1346.
[19

]

LaTeX Warning: Marginpar on page 20 moved.


Overfull \vbox (3.92067pt too high) detected at line 1393
 []


LaTeX Warning: Reference `types' on page 20 undefined on input line 1397.


LaTeX Warning: Reference `types' on page 20 undefined on input line 1397.

[20]

LaTeX Warning: Reference `examples' on page 21 undefined on input line 1434.


LaTeX Warning: Reference `examples' on page 21 undefined on input line 1434.


LaTeX Warning: Reference `longtable' on page 21 undefined on input line 1441.


LaTeX Warning: Reference `longtable' on page 21 undefined on input line 1441.


LaTeX Warning: Reference `usage' on page 21 undefined on input line 1453.


LaTeX Warning: Reference `usage' on page 21 undefined on input line 1453.


LaTeX Warning: Reference `declare' on page 21 undefined on input line 1497.


LaTeX Warning: Reference `declare' on page 21 undefined on input line 1497.


LaTeX Warning: Reference `packages' on page 21 undefined on input line 1497.


LaTeX Warning: Reference `packages' on page 21 undefined on input line 1497.

[21] [22] [23]

LaTeX Warning: Reference `declare' on page 24 undefined on input line 1677.


LaTeX Warning: Reference `declare' on page 24 undefined on input line 1677.


LaTeX Warning: Reference `continued2' on page 24 undefined on input line 1706.

[24]

LaTeX Warning: Reference `continued3' on page 25 undefined on input line 1727.


LaTeX Warning: Citation `subfig' on page 25 undefined on input line 1778.


LaTeX Warning: Citation `longtable' on page 25 undefined on input line 1783.

[25] [26]
LaTeX Font Info:    External font `cmex10' loaded for size
(Font)              <9> on input line 1816.


LaTeX Warning: Citation `subfig' on page 27 undefined on input line 1849.


LaTeX Warning: Marginpar on page 27 moved.

[27

] [28]

LaTeX Warning: Reference `style' on page 29 undefined on input line 1978.


LaTeX Warning: Reference `style' on page 29 undefined on input line 1978.

[29] [30]
Package doc Info: Deleted | as a short reference for \verb(*) on input line 213
9.
File: cat.eps Graphic file (type eps)
 <cat.eps>

LaTeX Warning: Citation `TLC2' on page 31 undefined on input line 2155.

Package doc Info: Made | a short reference for \verb on input line 2156.
[31] [32]
Overfull \vbox (3.92067pt too high) detected at line 2181
 []

[33

] [34] [35] [36]

LaTeX Warning: Citation `floatrow' on page 37 undefined on input line 2436.


LaTeX Warning: Citation `subfig' on page 37 undefined on input line 2438.


Overfull \vbox (3.92067pt too high) detected at line 2445
 []

LaTeX Font Info:    Try loading font information for OMS+cmr on input line 2463
.
(/usr/share/texmf-texlive/tex/latex/base/omscmr.fd
File: omscmr.fd 1999/05/25 v2.5h Standard LaTeX font definitions
)
LaTeX Font Info:    Font shape `OMS/cmr/m/n' in size <9> not available
(Font)              Font shape `OMS/cmsy/m/n' tried instead on input line 2463.



LaTeX Warning: Reference `hyperref' on page 37 undefined on input line 2470.


LaTeX Warning: Reference `hyperref' on page 37 undefined on input line 2470.


LaTeX Warning: Citation `algorithms' on page 37 undefined on input line 2497.


LaTeX Warning: Citation `float' on page 37 undefined on input line 2500.


LaTeX Warning: Reference `float' on page 37 undefined on input line 2500.


LaTeX Warning: Reference `float' on page 37 undefined on input line 2500.


LaTeX Warning: Citation `float' on page 37 undefined on input line 2578.

[37

]

LaTeX Warning: Citation `floatrow' on page 38 undefined on input line 2618.


LaTeX Warning: Citation `floatflt' on page 38 undefined on input line 2635.


LaTeX Warning: Citation `fltpage' on page 38 undefined on input line 2660.

[38]

LaTeX Warning: Citation `hyperref' on page 39 undefined on input line 2691.

[39]

LaTeX Warning: Citation `hypcap' on page 40 undefined on input line 2769.


LaTeX Warning: Citation `listings' on page 40 undefined on input line 2800.


LaTeX Warning: Citation `longtable' on page 40 undefined on input line 2823.

[40]

LaTeX Warning: Citation `picinpar' on page 41 undefined on input line 2862.


LaTeX Warning: Citation `TLC2' on page 41 undefined on input line 2862.


LaTeX Warning: Citation `picins' on page 41 undefined on input line 2888.


LaTeX Warning: Citation `TLC2' on page 41 undefined on input line 2888.

[41]

LaTeX Warning: Citation `rotating' on page 42 undefined on input line 2929.


LaTeX Warning: Citation `setspace' on page 42 undefined on input line 2953.


LaTeX Warning: Reference `fonts' on page 42 undefined on input line 2959.


LaTeX Warning: Reference `fonts' on page 42 undefined on input line 2959.


LaTeX Warning: Citation `sidecap' on page 42 undefined on input line 2967.


LaTeX Warning: Citation `floatrow' on page 42 undefined on input line 2995.

[42]

LaTeX Warning: Citation `subfigure' on page 43 undefined on input line 3029.


LaTeX Warning: Citation `subfig' on page 43 undefined on input line 3038.


LaTeX Warning: Citation `supertabular' on page 43 undefined on input line 3049.



LaTeX Warning: Citation `xtab' on page 43 undefined on input line 3049.


LaTeX Warning: Citation `longtable' on page 43 undefined on input line 3049.


LaTeX Warning: Citation `TLC2' on page 43 undefined on input line 3049.


LaTeX Warning: Citation `threeparttable' on page 43 undefined on input line 307
2.

[43]

LaTeX Warning: Citation `floatrow' on page 44 undefined on input line 3096.


LaTeX Warning: Citation `wrapfig' on page 44 undefined on input line 3108.


LaTeX Warning: Citation `TLC2' on page 44 undefined on input line 3108.

[44] [45

]

LaTeX Warning: Reference `skips' on page 46 undefined on input line 3239.


LaTeX Warning: Reference `skips' on page 46 undefined on input line 3240.

LaTeX Font Info:    Font shape `OMS/cmr/m/n' in size <6> not available
(Font)              Font shape `OMS/cmsy/m/n' tried instead on input line 3241.


LaTeX Warning: Reference `compatibility' on page 46 undefined on input line 324
1.


LaTeX Warning: Reference `skips' on page 46 undefined on input line 3243.


LaTeX Warning: Reference `fonts' on page 46 undefined on input line 3244.


LaTeX Warning: Reference `formats' on page 46 undefined on input line 3245.


LaTeX Warning: Reference `margins' on page 46 undefined on input line 3250.


LaTeX Warning: Reference `hyperref' on page 46 undefined on input line 3251.


LaTeX Warning: Reference `hyperref' on page 46 undefined on input line 3252.


LaTeX Warning: Reference `margins' on page 46 undefined on input line 3253.


LaTeX Warning: Reference `justification' on page 46 undefined on input line 325
4.


LaTeX Warning: Reference `fonts' on page 46 undefined on input line 3255.


LaTeX Warning: Reference `formats' on page 46 undefined on input line 3256.


LaTeX Warning: Reference `formats' on page 46 undefined on input line 3257.


LaTeX Warning: Reference `formats' on page 46 undefined on input line 3258.


LaTeX Warning: Reference `lists' on page 46 undefined on input line 3259.


LaTeX Warning: Reference `lists' on page 46 undefined on input line 3260.


LaTeX Warning: Reference `margins' on page 46 undefined on input line 3261.


LaTeX Warning: Reference `margins' on page 46 undefined on input line 3262.


LaTeX Warning: Reference `margins' on page 46 undefined on input line 3263.


LaTeX Warning: Reference `margins' on page 46 undefined on input line 3264.


LaTeX Warning: Reference `names' on page 46 undefined on input line 3265.


LaTeX Warning: Reference `margins' on page 46 undefined on input line 3266.


LaTeX Warning: Reference `margins' on page 46 undefined on input line 3268.


LaTeX Warning: Reference `margins' on page 46 undefined on input line 3269.


LaTeX Warning: Reference `skips' on page 46 undefined on input line 3270.


LaTeX Warning: Reference `justification' on page 46 undefined on input line 327
1.


LaTeX Warning: Reference `skips' on page 46 undefined on input line 3273.


LaTeX Warning: Reference `formats' on page 46 undefined on input line 3274.


LaTeX Warning: Reference `style' on page 46 undefined on input line 3275.


LaTeX Warning: Reference `skips' on page 46 undefined on input line 3278.


LaTeX Warning: Reference `fonts' on page 46 undefined on input line 3279.


LaTeX Warning: Reference `formats' on page 46 undefined on input line 3280.


LaTeX Warning: Reference `margins' on page 46 undefined on input line 3281.


LaTeX Warning: Reference `types' on page 46 undefined on input line 3282.


LaTeX Warning: Reference `types' on page 46 undefined on input line 3283.


LaTeX Warning: Reference `margins' on page 46 undefined on input line 3284.


Package longtable Warning: Column widths have changed
(longtable)                in table 4 on input line 3285.


LaTeX Warning: Reference `caption1' on page 46 undefined on input line 3295.


LaTeX Warning: Reference `caption1' on page 46 undefined on input line 3295.


LaTeX Warning: Reference `caption2' on page 46 undefined on input line 3295.


LaTeX Warning: Reference `caption2' on page 46 undefined on input line 3295.

[46

]

LaTeX Warning: Reference `skips' on page 47 undefined on input line 3304.


LaTeX Warning: Reference `skips' on page 47 undefined on input line 3307.


LaTeX Warning: Reference `caption' on page 47 undefined on input line 3308.


LaTeX Warning: Reference `caption' on page 47 undefined on input line 3309.


LaTeX Warning: Reference `captionlistentry' on page 47 undefined on input line 
3310.


LaTeX Warning: Reference `caption' on page 47 undefined on input line 3311.


LaTeX Warning: Reference `caption' on page 47 undefined on input line 3312.


LaTeX Warning: Reference `captionsetup' on page 47 undefined on input line 3313
.


LaTeX Warning: Reference `captionsetup' on page 47 undefined on input line 3314
.


LaTeX Warning: Reference `justification' on page 47 undefined on input line 331
5.


LaTeX Warning: Reference `justification' on page 47 undefined on input line 331
6.


LaTeX Warning: Reference `captionsetup' on page 47 undefined on input line 3317
.


LaTeX Warning: Reference `captionsetup' on page 47 undefined on input line 3318
.


LaTeX Warning: Reference `ContinuedFloat' on page 47 undefined on input line 33
19.


LaTeX Warning: Reference `declare' on page 47 undefined on input line 3320.


LaTeX Warning: Reference `declare' on page 47 undefined on input line 3321.


LaTeX Warning: Reference `declare' on page 47 undefined on input line 3322.


LaTeX Warning: Reference `declare' on page 47 undefined on input line 3323.


LaTeX Warning: Reference `declare' on page 47 undefined on input line 3324.


LaTeX Warning: Reference `declare' on page 47 undefined on input line 3325.


LaTeX Warning: Reference `declare' on page 47 undefined on input line 3326.


LaTeX Warning: Reference `declare' on page 47 undefined on input line 3327.


LaTeX Warning: Reference `declare' on page 47 undefined on input line 3328.


LaTeX Warning: Reference `declare' on page 47 undefined on input line 3329.


LaTeX Warning: Reference `declare' on page 47 undefined on input line 3331.


LaTeX Warning: Reference `captionsetup' on page 47 undefined on input line 3332
.


Package longtable Warning: Column widths have changed
(longtable)                in table 4 on input line 3333.

[47]

LaTeX Warning: Reference `types' on page 48 undefined on input line 3354.


LaTeX Warning: Reference `types' on page 48 undefined on input line 3354.


LaTeX Warning: Reference `caption' on page 48 undefined on input line 3354.


LaTeX Warning: Reference `caption' on page 48 undefined on input line 3354.


LaTeX Warning: Reference `classes' on page 48 undefined on input line 3372.


LaTeX Warning: Reference `classes' on page 48 undefined on input line 3372.


LaTeX Warning: Reference `compatibility' on page 48 undefined on input line 337
2.


LaTeX Warning: Reference `compatibility' on page 48 undefined on input line 337
2.


LaTeX Warning: Reference `compatibility' on page 48 undefined on input line 338
4.


LaTeX Warning: Reference `compatibility' on page 48 undefined on input line 338
4.


LaTeX Warning: Reference `hyperref' on page 48 undefined on input line 3395.


LaTeX Warning: Reference `hyperref' on page 48 undefined on input line 3395.


LaTeX Warning: Reference `KOMA' on page 48 undefined on input line 3404.


LaTeX Warning: Reference `KOMA' on page 48 undefined on input line 3404.

[48

]

LaTeX Warning: Reference `captionsetup' on page 49 undefined on input line 3433
.


LaTeX Warning: Reference `captionsetup' on page 49 undefined on input line 3433
.


LaTeX Warning: Reference `captionsetup' on page 49 undefined on input line 3445
.


LaTeX Warning: Reference `captionsetup' on page 49 undefined on input line 3445
.


LaTeX Warning: Reference `caption2' on page 49 undefined on input line 3453.


LaTeX Warning: Reference `caption2' on page 49 undefined on input line 3453.


LaTeX Warning: Reference `longtable' on page 49 undefined on input line 3453.


LaTeX Warning: Reference `longtable' on page 49 undefined on input line 3453.


LaTeX Warning: Reference `justification' on page 49 undefined on input line 346
4.


LaTeX Warning: Reference `justification' on page 49 undefined on input line 346
4.


LaTeX Warning: Reference `margins' on page 49 undefined on input line 3474.


LaTeX Warning: Reference `margins' on page 49 undefined on input line 3474.


LaTeX Warning: Reference `captionsetup' on page 49 undefined on input line 3488
.


LaTeX Warning: Reference `captionsetup' on page 49 undefined on input line 3488
.

[49]

LaTeX Warning: Reference `hyperref' on page 50 undefined on input line 3507.


LaTeX Warning: Reference `hyperref' on page 50 undefined on input line 3507.


LaTeX Warning: Reference `classes' on page 50 undefined on input line 3518.


LaTeX Warning: Reference `classes' on page 50 undefined on input line 3518.


LaTeX Warning: Reference `compatibility' on page 50 undefined on input line 351
8.


LaTeX Warning: Reference `compatibility' on page 50 undefined on input line 351
8.


LaTeX Warning: Reference `captionsetup' on page 50 undefined on input line 3531
.


LaTeX Warning: Reference `captionsetup' on page 50 undefined on input line 3531
.


LaTeX Warning: Reference `skips' on page 50 undefined on input line 3542.


LaTeX Warning: Reference `skips' on page 50 undefined on input line 3542.

[50]

LaTeX Warning: Reference `caption' on page 51 undefined on input line 3560.


LaTeX Warning: Reference `caption' on page 51 undefined on input line 3560.


LaTeX Warning: Reference `lists' on page 51 undefined on input line 3560.


LaTeX Warning: Reference `lists' on page 51 undefined on input line 3560.


LaTeX Warning: Reference `hyperref' on page 51 undefined on input line 3560.


LaTeX Warning: Reference `hyperref' on page 51 undefined on input line 3560.


LaTeX Warning: Reference `caption' on page 51 undefined on input line 3570.


LaTeX Warning: Reference `caption' on page 51 undefined on input line 3570.


LaTeX Warning: Reference `ContinuedFloat' on page 51 undefined on input line 35
83.


LaTeX Warning: Reference `ContinuedFloat' on page 51 undefined on input line 35
83.


LaTeX Warning: Reference `longtable' on page 51 undefined on input line 3583.


LaTeX Warning: Reference `longtable' on page 51 undefined on input line 3583.


LaTeX Warning: Reference `ContinuedFloat' on page 51 undefined on input line 35
91.


LaTeX Warning: Reference `ContinuedFloat' on page 51 undefined on input line 35
91.


LaTeX Warning: Citation `float' on page 51 undefined on input line 3616.


LaTeX Warning: Citation `floatrow' on page 51 undefined on input line 3617.

[51]

LaTeX Warning: Reference `compatibility' on page 52 undefined on input line 363
4.


LaTeX Warning: Reference `compatibility' on page 52 undefined on input line 363
4.


LaTeX Warning: Citation `subfig' on page 52 undefined on input line 3653.


LaTeX Warning: Reference `caption' on page 52 undefined on input line 3663.


LaTeX Warning: Reference `caption' on page 52 undefined on input line 3663.


LaTeX Warning: Reference `lists' on page 52 undefined on input line 3663.


LaTeX Warning: Reference `lists' on page 52 undefined on input line 3663.


LaTeX Warning: Reference `hyperref' on page 52 undefined on input line 3663.


LaTeX Warning: Reference `hyperref' on page 52 undefined on input line 3663.


LaTeX Warning: Reference `formats' on page 52 undefined on input line 3686.


LaTeX Warning: Reference `formats' on page 52 undefined on input line 3686.


LaTeX Warning: Reference `KOMA' on page 52 undefined on input line 3686.


LaTeX Warning: Reference `KOMA' on page 52 undefined on input line 3686.

[52]

LaTeX Warning: Citation `subfig' on page 53 undefined on input line 3699.


LaTeX Warning: Reference `formats' on page 53 undefined on input line 3713.


LaTeX Warning: Reference `formats' on page 53 undefined on input line 3713.


LaTeX Warning: Reference `formats' on page 53 undefined on input line 3720.


LaTeX Warning: Reference `formats' on page 53 undefined on input line 3720.


LaTeX Warning: Reference `formats' on page 53 undefined on input line 3727.


LaTeX Warning: Reference `formats' on page 53 undefined on input line 3727.


LaTeX Warning: Reference `lists' on page 53 undefined on input line 3734.


LaTeX Warning: Reference `lists' on page 53 undefined on input line 3734.


LaTeX Warning: Reference `skips' on page 53 undefined on input line 3741.


LaTeX Warning: Reference `skips' on page 53 undefined on input line 3741.


LaTeX Warning: Reference `style' on page 53 undefined on input line 3748.


LaTeX Warning: Reference `style' on page 53 undefined on input line 3748.


LaTeX Warning: Reference `skips' on page 53 undefined on input line 3760.


LaTeX Warning: Reference `skips' on page 53 undefined on input line 3760.

[53]

LaTeX Warning: Reference `formats' on page 54 undefined on input line 3767.


LaTeX Warning: Reference `formats' on page 54 undefined on input line 3767.


LaTeX Warning: Reference `caption2' on page 54 undefined on input line 3775.


LaTeX Warning: Reference `caption2' on page 54 undefined on input line 3775.

[54]

LaTeX Warning: Reference `compatibility' on page 55 undefined on input line 382
7.


LaTeX Warning: Reference `compatibility' on page 55 undefined on input line 382
7.


LaTeX Warning: Reference `hyperref' on page 55 undefined on input line 3828.


LaTeX Warning: Reference `hyperref' on page 55 undefined on input line 3828.

[55

]

LaTeX Warning: Reference `declare' on page 56 undefined on input line 3888.


LaTeX Warning: Reference `declare' on page 56 undefined on input line 3888.


LaTeX Warning: Reference `margins' on page 56 undefined on input line 3897.


LaTeX Warning: Reference `margins' on page 56 undefined on input line 3897.

[56

]

LaTeX Warning: Reference `declare' on page 57 undefined on input line 3931.


LaTeX Warning: Reference `declare' on page 57 undefined on input line 3931.


LaTeX Warning: Reference `captionsetup' on page 57 undefined on input line 3931
.


LaTeX Warning: Reference `captionsetup' on page 57 undefined on input line 3931
.


LaTeX Warning: Reference `float' on page 57 undefined on input line 3931.


LaTeX Warning: Reference `float' on page 57 undefined on input line 3931.

[57]

LaTeX Warning: Reference `margins' on page 58 undefined on input line 3983.


LaTeX Warning: Reference `margins' on page 58 undefined on input line 3983.


LaTeX Warning: Reference `justification' on page 58 undefined on input line 400
4.


LaTeX Warning: Reference `justification' on page 58 undefined on input line 400
4.


LaTeX Warning: Reference `longtable' on page 58 undefined on input line 4027.


LaTeX Warning: Reference `longtable' on page 58 undefined on input line 4027.

[58]

LaTeX Warning: Citation `subfig' on page 59 undefined on input line 4070.

[59] [60

]

Package longtable Warning: Table widths have changed. Rerun LaTeX.

[61] (./caption-eng.aux)

LaTeX Warning: There were undefined references.


LaTeX Warning: Label(s) may have changed. Rerun to get cross-references right.

 ) 
Here is how much of TeX's memory you used:
 6145 strings out of 493849
 90213 string characters out of 1152845
 172420 words of memory out of 3000000
 9323 multiletter control sequences out of 15000+50000
 14592 words of font info for 51 fonts, out of 3000000 for 9000
 714 hyphenation exceptions out of 8191
 44i,9n,39p,313b,433s stack positions out of 5000i,500n,10000p,200000b,50000s

Output written on caption-eng.dvi (61 pages, 245992 bytes).
