This is TeX, Version 3.1415926 (TeX Live 2009/Debian) (format=tex 2012.11.26)  24 JUN 2013 11:09
**flexisym.dtx
(./flexisym.dtx (/usr/share/texmf-texlive/tex/latex/base/docstrip.tex
\blockLevel=\count26
\emptyLines=\count27
\processedLines=\count28
\commentsRemoved=\count29
\commentsPassed=\count30
\codeLinesPassed=\count31
\TotalprocessedLines=\count32
\TotalcommentsRemoved=\count33
\TotalcommentsPassed=\count34
\TotalcodeLinesPassed=\count35
\NumberOfFiles=\count36
\inFile=\read0
\inputcheck=\read1
\@tempcnta=\count37
\off@0=\count38
\off@1=\count39
\off@2=\count40
\off@3=\count41
\off@4=\count42
\off@5=\count43
\off@6=\count44
\off@7=\count45
\off@8=\count46
\off@9=\count47
\off@10=\count48
\off@11=\count49
\off@12=\count50
\off@13=\count51
\off@14=\count52
\off@15=\count53
\@temptokena=\toks12
\@maxfiles=\count54
\@maxoutfiles=\count55

Utility: `docstrip' 2.5d <2005/07/29>
English documentation    <1999/03/31>

**********************************************************
* This program converts documented macro-files into fast *
* loadable files by stripping off (nearly) all comments! *
**********************************************************

********************************************************
* No Configuration file found, using default settings. *
********************************************************

)
************************************************************************
* Installation
* Package: flexisym 2010/09/17 v0.97b Flexisym (MH)
************************************************************************

Generating file(s) flexisym.ins flexisym.drv flexisym.sty cmbase.sym mathpazo.s
ym mathptmx.sym msabm.sym 
\openout0 = `flexisym.ins'.

\openout1 = `flexisym.drv'.

\openout2 = `flexisym.sty'.

\openout3 = `cmbase.sym'.

\openout4 = `mathpazo.sym'.

\openout5 = `mathptmx.sym'.

\openout6 = `msabm.sym'.


Processing file flexisym.dtx (install) -> flexisym.ins
                             (driver) -> flexisym.drv
                             (package) -> flexisym.sty
                             (cmbase) -> cmbase.sym
                             (mathpazo) -> mathpazo.sym
                             (mathptmx) -> mathptmx.sym
                             (msabm) -> msabm.sym
Lines  processed: 1603
Comments removed: 537
Comments  passed: 11
Codelines passed: 1025

************************************************************************
*
* To finish the installation you have to move the following
* files into a directory searched by TeX:
*
*     flexisym.sty, cmbase.sym, mathpazo.sym, mathptmx.sym, msabm.sym
*
* To produce the documentation run the file `flexisym.drv'
* through LaTeX.
*
* Happy TeXing!
*
************************************************************************
 )
No pages of output.
